2024-01-10T14:10:44.778+08:00  INFO 18872 --- [main] c.v.VideotogetherApplication             : Starting VideotogetherApplication using Java 21.0.1 with PID 18872 (D:\mavenprojects\videotogether\target\classes started by Administrator in D:\mavenprojects\videotogether)
2024-01-10T14:10:44.779+08:00  INFO 18872 --- [main] c.v.VideotogetherApplication             : No active profile set, falling back to 1 default profile: "default"
2024-01-10T14:10:45.213+08:00  INFO 18872 --- [main] .s.d.r.c.RepositoryConfigurationDelegate : Multiple Spring Data modules found, entering strict repository configuration mode
2024-01-10T14:10:45.215+08:00  INFO 18872 --- [main] .s.d.r.c.RepositoryConfigurationDelegate : Bootstrapping Spring Data Redis repositories in DEFAULT mode.
2024-01-10T14:10:45.238+08:00  INFO 18872 --- [main] .s.d.r.c.RepositoryConfigurationDelegate : Finished Spring Data repository scanning in 12 ms. Found 0 Redis repository interfaces.
2024-01-10T14:10:45.759+08:00  INFO 18872 --- [main] o.s.b.w.embedded.tomcat.TomcatWebServer  : Tomcat initialized with port 8001 (http)
2024-01-10T14:10:45.765+08:00  INFO 18872 --- [main] o.apache.catalina.core.StandardService   : Starting service [Tomcat]
2024-01-10T14:10:45.765+08:00  INFO 18872 --- [main] o.apache.catalina.core.StandardEngine    : Starting Servlet engine: [Apache Tomcat/10.1.16]
2024-01-10T14:10:45.800+08:00  INFO 18872 --- [main] o.a.c.c.C.[Tomcat].[localhost].[/]       : Initializing Spring embedded WebApplicationContext
2024-01-10T14:10:45.800+08:00  INFO 18872 --- [main] w.s.c.ServletWebServerApplicationContext : Root WebApplicationContext: initialization completed in 991 ms
2024-01-10T14:10:46.671+08:00  INFO 18872 --- [main] o.s.b.w.embedded.tomcat.TomcatWebServer  : Tomcat started on port 8001 (http) with context path ''
2024-01-10T14:10:46.676+08:00  INFO 18872 --- [main] c.v.VideotogetherApplication             : Started VideotogetherApplication in 2.192 seconds (process running for 2.64)
2024-01-10T14:11:06.647+08:00  INFO 20192 --- [main] c.v.VideotogetherApplication             : Starting VideotogetherApplication using Java 21.0.1 with PID 20192 (D:\mavenprojects\videotogether\target\classes started by Administrator in D:\mavenprojects\videotogether)
2024-01-10T14:11:06.649+08:00  INFO 20192 --- [main] c.v.VideotogetherApplication             : No active profile set, falling back to 1 default profile: "default"
2024-01-10T14:11:07.142+08:00  INFO 20192 --- [main] .s.d.r.c.RepositoryConfigurationDelegate : Multiple Spring Data modules found, entering strict repository configuration mode
2024-01-10T14:11:07.144+08:00  INFO 20192 --- [main] .s.d.r.c.RepositoryConfigurationDelegate : Bootstrapping Spring Data Redis repositories in DEFAULT mode.
2024-01-10T14:11:07.174+08:00  INFO 20192 --- [main] .s.d.r.c.RepositoryConfigurationDelegate : Finished Spring Data repository scanning in 13 ms. Found 0 Redis repository interfaces.
2024-01-10T14:11:07.794+08:00  INFO 20192 --- [main] o.s.b.w.embedded.tomcat.TomcatWebServer  : Tomcat initialized with port 8001 (http)
2024-01-10T14:11:07.805+08:00  INFO 20192 --- [main] o.apache.catalina.core.StandardService   : Starting service [Tomcat]
2024-01-10T14:11:07.805+08:00  INFO 20192 --- [main] o.apache.catalina.core.StandardEngine    : Starting Servlet engine: [Apache Tomcat/10.1.16]
2024-01-10T14:11:07.857+08:00  INFO 20192 --- [main] o.a.c.c.C.[Tomcat].[localhost].[/]       : Initializing Spring embedded WebApplicationContext
2024-01-10T14:11:07.858+08:00  INFO 20192 --- [main] w.s.c.ServletWebServerApplicationContext : Root WebApplicationContext: initialization completed in 1174 ms
2024-01-10T14:11:08.800+08:00  INFO 20192 --- [main] o.s.b.w.embedded.tomcat.TomcatWebServer  : Tomcat started on port 8001 (http) with context path ''
2024-01-10T14:11:08.805+08:00  INFO 20192 --- [main] c.v.VideotogetherApplication             : Started VideotogetherApplication in 2.484 seconds (process running for 2.934)
